[DEBUG] Logging system initialized successfully.
Processing IMG_7672.MP4...
Enter score as 'home away quarter clock [down distance]' or blank to keep: Processed 1/221 frames (0.5%)
Processed 2/221 frames (0.9%)
Processed 3/221 frames (1.4%)
Processed 4/221 frames (1.8%)
Processed 5/221 frames (2.3%)
Processed 6/221 frames (2.7%)
Processed 7/221 frames (3.2%)
Processed 8/221 frames (3.6%)
Processed 9/221 frames (4.1%)
Processed 10/221 frames (4.5%)
Processed 11/221 frames (5.0%)
Processed 12/221 frames (5.4%)
Processed 13/221 frames (5.9%)
Processed 14/221 frames (6.3%)
Processed 15/221 frames (6.8%)
Processed 16/221 frames (7.2%)
Processed 17/221 frames (7.7%)
Processed 18/221 frames (8.1%)
Processed 19/221 frames (8.6%)
Processed 20/221 frames (9.0%)
Processed 21/221 frames (9.5%)
Processed 22/221 frames (10.0%)
Processed 23/221 frames (10.4%)
Processed 24/221 frames (10.9%)
Processed 25/221 frames (11.3%)
Processed 26/221 frames (11.8%)
Processed 27/221 frames (12.2%)
Processed 28/221 frames (12.7%)
Processed 29/221 frames (13.1%)
Processed 30/221 frames (13.6%)
Processed 31/221 frames (14.0%)
Processed 32/221 frames (14.5%)
Processed 33/221 frames (14.9%)
Processed 34/221 frames (15.4%)
Processed 35/221 frames (15.8%)
Processed 36/221 frames (16.3%)
Processed 37/221 frames (16.7%)
Processed 38/221 frames (17.2%)
Processed 39/221 frames (17.6%)
Processed 40/221 frames (18.1%)
Processed 41/221 frames (18.6%)
Processed 42/221 frames (19.0%)
Processed 43/221 frames (19.5%)
Processed 44/221 frames (19.9%)
Processed 45/221 frames (20.4%)
Processed 46/221 frames (20.8%)
Processed 47/221 frames (21.3%)
Processed 48/221 frames (21.7%)
Processed 49/221 frames (22.2%)
Processed 50/221 frames (22.6%)
Processed 51/221 frames (23.1%)
Processed 52/221 frames (23.5%)
Processed 53/221 frames (24.0%)
Processed 54/221 frames (24.4%)
Processed 55/221 frames (24.9%)
Processed 56/221 frames (25.3%)
Processed 57/221 frames (25.8%)
Processed 58/221 frames (26.2%)
Processed 59/221 frames (26.7%)
Processed 60/221 frames (27.1%)
Processed 61/221 frames (27.6%)
Processed 62/221 frames (28.1%)
Processed 63/221 frames (28.5%)
Processed 64/221 frames (29.0%)
Processed 65/221 frames (29.4%)
Processed 66/221 frames (29.9%)
Processed 67/221 frames (30.3%)
Processed 68/221 frames (30.8%)
Processed 69/221 frames (31.2%)
Processed 70/221 frames (31.7%)
Processed 71/221 frames (32.1%)
Processed 72/221 frames (32.6%)
Processed 73/221 frames (33.0%)
Processed 74/221 frames (33.5%)
Processed 75/221 frames (33.9%)
Processed 76/221 frames (34.4%)
Processed 77/221 frames (34.8%)
Processed 78/221 frames (35.3%)
Processed 79/221 frames (35.7%)
Processed 80/221 frames (36.2%)
Processed 81/221 frames (36.7%)
Processed 82/221 frames (37.1%)
Processed 83/221 frames (37.6%)
Processed 84/221 frames (38.0%)
Processed 85/221 frames (38.5%)
Processed 86/221 frames (38.9%)
Processed 87/221 frames (39.4%)
Processed 88/221 frames (39.8%)
Processed 89/221 frames (40.3%)
Processed 90/221 frames (40.7%)
Processed 91/221 frames (41.2%)
Processed 92/221 frames (41.6%)
Processed 93/221 frames (42.1%)
Processed 94/221 frames (42.5%)
Processed 95/221 frames (43.0%)
Processed 96/221 frames (43.4%)
Processed 97/221 frames (43.9%)
Processed 98/221 frames (44.3%)
Processed 99/221 frames (44.8%)
Processed 100/221 frames (45.2%)
Processed 101/221 frames (45.7%)
Processed 102/221 frames (46.2%)
Processed 103/221 frames (46.6%)
Processed 104/221 frames (47.1%)
Processed 105/221 frames (47.5%)
Processed 106/221 frames (48.0%)
Processed 107/221 frames (48.4%)
Processed 108/221 frames (48.9%)
Processed 109/221 frames (49.3%)
Processed 110/221 frames (49.8%)
Processed 111/221 frames (50.2%)
Processed 112/221 frames (50.7%)
Processed 113/221 frames (51.1%)
Processed 114/221 frames (51.6%)
Processed 115/221 frames (52.0%)
Processed 116/221 frames (52.5%)
Processed 117/221 frames (52.9%)
Processed 118/221 frames (53.4%)
Processed 119/221 frames (53.8%)
Processed 120/221 frames (54.3%)
Processed 121/221 frames (54.8%)
Processed 122/221 frames (55.2%)
Processed 123/221 frames (55.7%)
Processed 124/221 frames (56.1%)
Processed 125/221 frames (56.6%)
Processed 126/221 frames (57.0%)
Processed 127/221 frames (57.5%)
Processed 128/221 frames (57.9%)
Processed 129/221 frames (58.4%)
Processed 130/221 frames (58.8%)
Processed 131/221 frames (59.3%)
Processed 132/221 frames (59.7%)
Processed 133/221 frames (60.2%)
Processed 134/221 frames (60.6%)
Processed 135/221 frames (61.1%)
Processed 136/221 frames (61.5%)
Processed 137/221 frames (62.0%)
Processed 138/221 frames (62.4%)
Processed 139/221 frames (62.9%)
Processed 140/221 frames (63.3%)
Processed 141/221 frames (63.8%)
Processed 142/221 frames (64.3%)
Processed 143/221 frames (64.7%)
Processed 144/221 frames (65.2%)
Processed 145/221 frames (65.6%)
Processed 146/221 frames (66.1%)
Processed 147/221 frames (66.5%)
Processed 148/221 frames (67.0%)
Processed 149/221 frames (67.4%)
Processed 150/221 frames (67.9%)
Processed 151/221 frames (68.3%)
Processed 152/221 frames (68.8%)
Processed 153/221 frames (69.2%)
Processed 154/221 frames (69.7%)
Processed 155/221 frames (70.1%)
Processed 156/221 frames (70.6%)
Processed 157/221 frames (71.0%)
Processed 158/221 frames (71.5%)
Processed 159/221 frames (71.9%)
Processed 160/221 frames (72.4%)
Processed 161/221 frames (72.9%)
Processed 162/221 frames (73.3%)
Processed 163/221 frames (73.8%)
Processed 164/221 frames (74.2%)
Processed 165/221 frames (74.7%)
Processed 166/221 frames (75.1%)
Processed 167/221 frames (75.6%)
Processed 168/221 frames (76.0%)
Processed 169/221 frames (76.5%)
Processed 170/221 frames (76.9%)
Processed 171/221 frames (77.4%)
Processed 172/221 frames (77.8%)
Processed 173/221 frames (78.3%)
Processed 174/221 frames (78.7%)
Processed 175/221 frames (79.2%)
Processed 176/221 frames (79.6%)
Processed 177/221 frames (80.1%)
Processed 178/221 frames (80.5%)
Processed 179/221 frames (81.0%)
Processed 180/221 frames (81.4%)
Processed 181/221 frames (81.9%)
Processed 182/221 frames (82.4%)
Processed 183/221 frames (82.8%)
Processed 184/221 frames (83.3%)
Processed 185/221 frames (83.7%)
Processed 186/221 frames (84.2%)
Processed 187/221 frames (84.6%)
Processed 188/221 frames (85.1%)
Processed 189/221 frames (85.5%)
Processed 190/221 frames (86.0%)
Processed 191/221 frames (86.4%)
Processed 192/221 frames (86.9%)
Processed 193/221 frames (87.3%)
Processed 194/221 frames (87.8%)
Processed 195/221 frames (88.2%)
Processed 196/221 frames (88.7%)
Processed 197/221 frames (89.1%)
Processed 198/221 frames (89.6%)
Processed 199/221 frames (90.0%)
Processed 200/221 frames (90.5%)
Processed 201/221 frames (91.0%)
Processed 202/221 frames (91.4%)
Processed 203/221 frames (91.9%)
Processed 204/221 frames (92.3%)
Processed 205/221 frames (92.8%)
Processed 206/221 frames (93.2%)
Processed 207/221 frames (93.7%)
Processed 208/221 frames (94.1%)
Processed 209/221 frames (94.6%)
Processed 210/221 frames (95.0%)
Processed 211/221 frames (95.5%)
Processed 212/221 frames (95.9%)
Processed 213/221 frames (96.4%)
Processed 214/221 frames (96.8%)
Processed 215/221 frames (97.3%)
Processed 216/221 frames (97.7%)
Processed 217/221 frames (98.2%)
Processed 218/221 frames (98.6%)
Processed 219/221 frames (99.1%)
Processed 220/221 frames (99.5%)
Processed 221/221 frames (100.0%)
✅ Player play count summary saved: output/summaries/player_play_counts.json
/home/scott/.local/lib/python3.10/site-packages/oauth2client/_helpers.py:255: UserWarning: Cannot access drive_token.json: No such file or directory
  warnings.warn(_MISSING_FILE_MESSAGE.format(filename))
Failed to upload video/manual_uploads/IMG_7672.MP4: Invalid client secrets file ('Error opening file', 'client_secrets.json', 'No such file or directory', 2)
Failed to upload output/summary/IMG_7672_summary.json: Invalid client secrets file ('Error opening file', 'client_secrets.json', 'No such file or directory', 2)

Processing complete
Total plays detected: 3
Jersey numbers tracked: []
Player participation counts:
Play types identified:
  Rit Dive: 2
  Rit F Counter: 1

Upload results:
  Video upload: FAILED
  Summary upload: FAILED
✅ Learning stats saved: training/logs/learning_stats_IMG_7672.json
⚠️  Review queue updated: 0 items pending in ./training/review_queue.json
Processing IMG_7676.MP4...
Enter score as 'home away quarter clock [down distance]' or blank to keep: 